=================================================
E:\software\apache-tomcat-7.0.54\work\Catalina\localhost\beauty_gm\org\apache\jsp\index_jsp.class
>>>>>>>>>>>>>>>>>>>>>>>>>>>>>>>>>>>>>>>>>>>>>>>>>
=================================================



=================================================
E:\software\apache-tomcat-7.0.54\work\Catalina\localhost\beauty_gm\org\apache\jsp\index_jsp.java
>>>>>>>>>>>>>>>>>>>>>>>>>>>>>>>>>>>>>>>>>>>>>>>>>
=================================================



=================================================
E:\software\apache-tomcat-7.0.54\work\Catalina\localhost\beauty_gm\org\apache\jsp\login_jsp.class
>>>>>>>>>>>>>>>>>>>>>>>>>>>>>>>>>>>>>>>>>>>>>>>>>
=================================================



=================================================
E:\software\apache-tomcat-7.0.54\work\Catalina\localhost\beauty_gm\org\apache\jsp\login_jsp.java
>>>>>>>>>>>>>>>>>>>>>>>>>>>>>>>>>>>>>>>>>>>>>>>>>
=================================================



=================================================
E:\software\apache-tomcat-7.0.54\work\Catalina\localhost\beauty_gm\org\apache\jsp\WEB_002dINF\jsp\homePage_jsp.class
>>>>>>>>>>>>>>>>>>>>>>>>>>>>>>>>>>>>>>>>>>>>>>>>>
=================================================



=================================================
E:\software\apache-tomcat-7.0.54\work\Catalina\localhost\beauty_gm\org\apache\jsp\WEB_002dINF\jsp\homePage_jsp.java
>>>>>>>>>>>>>>>>>>>>>>>>>>>>>>>>>>>>>>>>>>>>>>>>>
=================================================



=================================================
E:\software\apache-tomcat-7.0.54\work\Catalina\localhost\beauty_gm\org\apache\jsp\WEB_002dINF\jsp\itemChange\init_jsp.class
>>>>>>>>>>>>>>>>>>>>>>>>>>>>>>>>>>>>>>>>>>>>>>>>>
=================================================



=================================================
E:\software\apache-tomcat-7.0.54\work\Catalina\localhost\beauty_gm\org\apache\jsp\WEB_002dINF\jsp\itemChange\init_jsp.java
>>>>>>>>>>>>>>>>>>>>>>>>>>>>>>>>>>>>>>>>>>>>>>>>>
=================================================



=================================================
E:\software\apache-tomcat-7.0.54\work\Catalina\localhost\beauty_gm\org\apache\jsp\WEB_002dINF\jsp\leftFrame_jsp.class
>>>>>>>>>>>>>>>>>>>>>>>>>>>>>>>>>>>>>>>>>>>>>>>>>
=================================================



=================================================
E:\software\apache-tomcat-7.0.54\work\Catalina\localhost\beauty_gm\org\apache\jsp\WEB_002dINF\jsp\leftFrame_jsp.java
>>>>>>>>>>>>>>>>>>>>>>>>>>>>>>>>>>>>>>>>>>>>>>>>>
=================================================



=================================================
E:\software\apache-tomcat-7.0.54\work\Catalina\localhost\beauty_gm\org\apache\jsp\WEB_002dINF\jsp\page_jsp.class
>>>>>>>>>>>>>>>>>>>>>>>>>>>>>>>>>>>>>>>>>>>>>>>>>
=================================================



=================================================
E:\software\apache-tomcat-7.0.54\work\Catalina\localhost\beauty_gm\org\apache\jsp\WEB_002dINF\jsp\page_jsp.java
>>>>>>>>>>>>>>>>>>>>>>>>>>>>>>>>>>>>>>>>>>>>>>>>>
=================================================



=================================================
E:\software\apache-tomcat-7.0.54\work\Catalina\localhost\beauty_gm\org\apache\jsp\WEB_002dINF\jsp\role\roleList_jsp.class
>>>>>>>>>>>>>>>>>>>>>>>>>>>>>>>>>>>>>>>>>>>>>>>>>
=================================================



=================================================
E:\software\apache-tomcat-7.0.54\work\Catalina\localhost\beauty_gm\org\apache\jsp\WEB_002dINF\jsp\role\roleList_jsp.java
>>>>>>>>>>>>>>>>>>>>>>>>>>>>>>>>>>>>>>>>>>>>>>>>>
=================================================



=================================================
E:\software\apache-tomcat-7.0.54\work\Catalina\localhost\beauty_gm\org\apache\jsp\WEB_002dINF\jsp\topFrame_jsp.class
>>>>>>>>>>>>>>>>>>>>>>>>>>>>>>>>>>>>>>>>>>>>>>>>>
=================================================



=================================================
E:\software\apache-tomcat-7.0.54\work\Catalina\localhost\beauty_gm\org\apache\jsp\WEB_002dINF\jsp\topFrame_jsp.java
>>>>>>>>>>>>>>>>>>>>>>>>>>>>>>>>>>>>>>>>>>>>>>>>>
=================================================



=================================================
E:\software\apache-tomcat-7.0.54\work\Catalina\localhost\beauty_gm\org\apache\jsp\WEB_002dINF\jsp\updateUser\init_jsp.class
>>>>>>>>>>>>>>>>>>>>>>>>>>>>>>>>>>>>>>>>>>>>>>>>>
=================================================



=================================================
E:\software\apache-tomcat-7.0.54\work\Catalina\localhost\beauty_gm\org\apache\jsp\WEB_002dINF\jsp\updateUser\init_jsp.java
>>>>>>>>>>>>>>>>>>>>>>>>>>>>>>>>>>>>>>>>>>>>>>>>>
=================================================



=================================================
E:\software\apache-tomcat-7.0.54\work\Catalina\localhost\beauty_gm\org\apache\jsp\WEB_002dINF\jsp\welcome_jsp.class
>>>>>>>>>>>>>>>>>>>>>>>>>>>>>>>>>>>>>>>>>>>>>>>>>
=================================================



=================================================
E:\software\apache-tomcat-7.0.54\work\Catalina\localhost\beauty_gm\org\apache\jsp\WEB_002dINF\jsp\welcome_jsp.java
>>>>>>>>>>>>>>>>>>>>>>>>>>>>>>>>>>>>>>>>>>>>>>>>>
=================================================



=================================================
E:\software\apache-tomcat-7.0.54\work\Catalina\localhost\manager\org\apache\jsp\WEB_002dINF\jsp\_401_jsp.class
>>>>>>>>>>>>>>>>>>>>>>>>>>>>>>>>>>>>>>>>>>>>>>>>>
D:\Windows可运行环境\server_webapp\apache-tomcat-7.0.54\work\Catalina\localhost\manager\org\apache\jsp\WEB_002dINF\jsp\_401_jsp.class
E:\software\apache-tomcat-7.0.54 - hudson\work\Catalina\localhost\manager\org\apache\jsp\WEB_002dINF\jsp\_401_jsp.class
=================================================



=================================================
E:\software\apache-tomcat-7.0.54\work\Catalina\localhost\manager\org\apache\jsp\WEB_002dINF\jsp\_401_jsp.java
>>>>>>>>>>>>>>>>>>>>>>>>>>>>>>>>>>>>>>>>>>>>>>>>>
D:\Windows可运行环境\server_webapp\apache-tomcat-7.0.54\work\Catalina\localhost\manager\org\apache\jsp\WEB_002dINF\jsp\_401_jsp.java
E:\software\apache-tomcat-7.0.54 - hudson\work\Catalina\localhost\manager\org\apache\jsp\WEB_002dINF\jsp\_401_jsp.java
=================================================



=================================================
E:\software\apache-tomcat-7.0.54\work\Catalina\localhost\manager\org\apache\jsp\WEB_002dINF\jsp\_403_jsp.class
>>>>>>>>>>>>>>>>>>>>>>>>>>>>>>>>>>>>>>>>>>>>>>>>>
D:\Windows可运行环境\server_webapp\apache-tomcat-7.0.54\work\Catalina\localhost\manager\org\apache\jsp\WEB_002dINF\jsp\_403_jsp.class
E:\software\apache-tomcat-7.0.54 - hudson\work\Catalina\localhost\manager\org\apache\jsp\WEB_002dINF\jsp\_403_jsp.class
=================================================



=================================================
E:\software\apache-tomcat-7.0.54\work\Catalina\localhost\manager\org\apache\jsp\WEB_002dINF\jsp\_403_jsp.java
>>>>>>>>>>>>>>>>>>>>>>>>>>>>>>>>>>>>>>>>>>>>>>>>>
D:\Windows可运行环境\server_webapp\apache-tomcat-7.0.54\work\Catalina\localhost\manager\org\apache\jsp\WEB_002dINF\jsp\_403_jsp.java
E:\software\apache-tomcat-7.0.54 - hudson\work\Catalina\localhost\manager\org\apache\jsp\WEB_002dINF\jsp\_403_jsp.java
=================================================



=================================================
E:\software\apache-tomcat-7.0.54\work\Catalina\localhost\_\org\apache\jsp\index_jsp.class
>>>>>>>>>>>>>>>>>>>>>>>>>>>>>>>>>>>>>>>>>>>>>>>>>
D:\Windows可运行环境\server_webapp\apache-tomcat-7.0.54\work\Catalina\localhost\_\org\apache\jsp\index_jsp.class
E:\software\apache-tomcat-7.0.54 - hudson\work\Catalina\localhost\_\org\apache\jsp\index_jsp.class
=================================================



=================================================
E:\software\apache-tomcat-7.0.54\work\Catalina\localhost\_\org\apache\jsp\index_jsp.java
>>>>>>>>>>>>>>>>>>>>>>>>>>>>>>>>>>>>>>>>>>>>>>>>>
D:\Windows可运行环境\server_webapp\apache-tomcat-7.0.54\work\Catalina\localhost\_\org\apache\jsp\index_jsp.java
E:\software\apache-tomcat-7.0.54 - hudson\work\Catalina\localhost\_\org\apache\jsp\index_jsp.java
=================================================



=================================================
E:\software\apache-tomcat-7.0.54\work\Catalina\localhost\beauty_gm\org\apache\jsp\index_jsp.class
>>>>>>>>>>>>>>>>>>>>>>>>>>>>>>>>>>>>>>>>>>>>>>>>>
=================================================



=================================================
E:\software\apache-tomcat-7.0.54\work\Catalina\localhost\beauty_gm\org\apache\jsp\index_jsp.java
>>>>>>>>>>>>>>>>>>>>>>>>>>>>>>>>>>>>>>>>>>>>>>>>>
=================================================



=================================================
E:\software\apache-tomcat-7.0.54\work\Catalina\localhost\beauty_gm\org\apache\jsp\login_jsp.class
>>>>>>>>>>>>>>>>>>>>>>>>>>>>>>>>>>>>>>>>>>>>>>>>>
=================================================



=================================================
E:\software\apache-tomcat-7.0.54\work\Catalina\localhost\beauty_gm\org\apache\jsp\login_jsp.java
>>>>>>>>>>>>>>>>>>>>>>>>>>>>>>>>>>>>>>>>>>>>>>>>>
=================================================



=================================================
E:\software\apache-tomcat-7.0.54\work\Catalina\localhost\beauty_gm\org\apache\jsp\WEB_002dINF\jsp\homePage_jsp.class
>>>>>>>>>>>>>>>>>>>>>>>>>>>>>>>>>>>>>>>>>>>>>>>>>
=================================================



=================================================
E:\software\apache-tomcat-7.0.54\work\Catalina\localhost\beauty_gm\org\apache\jsp\WEB_002dINF\jsp\homePage_jsp.java
>>>>>>>>>>>>>>>>>>>>>>>>>>>>>>>>>>>>>>>>>>>>>>>>>
=================================================



=================================================
E:\software\apache-tomcat-7.0.54\work\Catalina\localhost\beauty_gm\org\apache\jsp\WEB_002dINF\jsp\itemChange\init_jsp.class
>>>>>>>>>>>>>>>>>>>>>>>>>>>>>>>>>>>>>>>>>>>>>>>>>
=================================================



=================================================
E:\software\apache-tomcat-7.0.54\work\Catalina\localhost\beauty_gm\org\apache\jsp\WEB_002dINF\jsp\itemChange\init_jsp.java
>>>>>>>>>>>>>>>>>>>>>>>>>>>>>>>>>>>>>>>>>>>>>>>>>
=================================================



=================================================
E:\software\apache-tomcat-7.0.54\work\Catalina\localhost\beauty_gm\org\apache\jsp\WEB_002dINF\jsp\leftFrame_jsp.class
>>>>>>>>>>>>>>>>>>>>>>>>>>>>>>>>>>>>>>>>>>>>>>>>>
=================================================



=================================================
E:\software\apache-tomcat-7.0.54\work\Catalina\localhost\beauty_gm\org\apache\jsp\WEB_002dINF\jsp\leftFrame_jsp.java
>>>>>>>>>>>>>>>>>>>>>>>>>>>>>>>>>>>>>>>>>>>>>>>>>
=================================================



=================================================
E:\software\apache-tomcat-7.0.54\work\Catalina\localhost\beauty_gm\org\apache\jsp\WEB_002dINF\jsp\page_jsp.class
>>>>>>>>>>>>>>>>>>>>>>>>>>>>>>>>>>>>>>>>>>>>>>>>>
=================================================



=================================================
E:\software\apache-tomcat-7.0.54\work\Catalina\localhost\beauty_gm\org\apache\jsp\WEB_002dINF\jsp\page_jsp.java
>>>>>>>>>>>>>>>>>>>>>>>>>>>>>>>>>>>>>>>>>>>>>>>>>
=================================================



=================================================
E:\software\apache-tomcat-7.0.54\work\Catalina\localhost\beauty_gm\org\apache\jsp\WEB_002dINF\jsp\role\roleList_jsp.class
>>>>>>>>>>>>>>>>>>>>>>>>>>>>>>>>>>>>>>>>>>>>>>>>>
=================================================



=================================================
E:\software\apache-tomcat-7.0.54\work\Catalina\localhost\beauty_gm\org\apache\jsp\WEB_002dINF\jsp\role\roleList_jsp.java
>>>>>>>>>>>>>>>>>>>>>>>>>>>>>>>>>>>>>>>>>>>>>>>>>
=================================================



=================================================
E:\software\apache-tomcat-7.0.54\work\Catalina\localhost\beauty_gm\org\apache\jsp\WEB_002dINF\jsp\topFrame_jsp.class
>>>>>>>>>>>>>>>>>>>>>>>>>>>>>>>>>>>>>>>>>>>>>>>>>
=================================================



=================================================
E:\software\apache-tomcat-7.0.54\work\Catalina\localhost\beauty_gm\org\apache\jsp\WEB_002dINF\jsp\topFrame_jsp.java
>>>>>>>>>>>>>>>>>>>>>>>>>>>>>>>>>>>>>>>>>>>>>>>>>
=================================================



=================================================
E:\software\apache-tomcat-7.0.54\work\Catalina\localhost\beauty_gm\org\apache\jsp\WEB_002dINF\jsp\updateUser\init_jsp.class
>>>>>>>>>>>>>>>>>>>>>>>>>>>>>>>>>>>>>>>>>>>>>>>>>
=================================================



=================================================
E:\software\apache-tomcat-7.0.54\work\Catalina\localhost\beauty_gm\org\apache\jsp\WEB_002dINF\jsp\updateUser\init_jsp.java
>>>>>>>>>>>>>>>>>>>>>>>>>>>>>>>>>>>>>>>>>>>>>>>>>
=================================================



=================================================
E:\software\apache-tomcat-7.0.54\work\Catalina\localhost\beauty_gm\org\apache\jsp\WEB_002dINF\jsp\welcome_jsp.class
>>>>>>>>>>>>>>>>>>>>>>>>>>>>>>>>>>>>>>>>>>>>>>>>>
=================================================



=================================================
E:\software\apache-tomcat-7.0.54\work\Catalina\localhost\beauty_gm\org\apache\jsp\WEB_002dINF\jsp\welcome_jsp.java
>>>>>>>>>>>>>>>>>>>>>>>>>>>>>>>>>>>>>>>>>>>>>>>>>
=================================================



=================================================
E:\software\apache-tomcat-7.0.54\work\Catalina\localhost\manager\org\apache\jsp\WEB_002dINF\jsp\_401_jsp.class
>>>>>>>>>>>>>>>>>>>>>>>>>>>>>>>>>>>>>>>>>>>>>>>>>
D:\Windows可运行环境\server_webapp\apache-tomcat-7.0.54\work\Catalina\localhost\manager\org\apache\jsp\WEB_002dINF\jsp\_401_jsp.class
E:\software\apache-tomcat-7.0.54 - hudson\work\Catalina\localhost\manager\org\apache\jsp\WEB_002dINF\jsp\_401_jsp.class
=================================================



=================================================
E:\software\apache-tomcat-7.0.54\work\Catalina\localhost\manager\org\apache\jsp\WEB_002dINF\jsp\_401_jsp.java
>>>>>>>>>>>>>>>>>>>>>>>>>>>>>>>>>>>>>>>>>>>>>>>>>
D:\Windows可运行环境\server_webapp\apache-tomcat-7.0.54\work\Catalina\localhost\manager\org\apache\jsp\WEB_002dINF\jsp\_401_jsp.java
E:\software\apache-tomcat-7.0.54 - hudson\work\Catalina\localhost\manager\org\apache\jsp\WEB_002dINF\jsp\_401_jsp.java
=================================================



=================================================
E:\software\apache-tomcat-7.0.54\work\Catalina\localhost\manager\org\apache\jsp\WEB_002dINF\jsp\_403_jsp.class
>>>>>>>>>>>>>>>>>>>>>>>>>>>>>>>>>>>>>>>>>>>>>>>>>
D:\Windows可运行环境\server_webapp\apache-tomcat-7.0.54\work\Catalina\localhost\manager\org\apache\jsp\WEB_002dINF\jsp\_403_jsp.class
E:\software\apache-tomcat-7.0.54 - hudson\work\Catalina\localhost\manager\org\apache\jsp\WEB_002dINF\jsp\_403_jsp.class
=================================================



=================================================
E:\software\apache-tomcat-7.0.54\work\Catalina\localhost\manager\org\apache\jsp\WEB_002dINF\jsp\_403_jsp.java
>>>>>>>>>>>>>>>>>>>>>>>>>>>>>>>>>>>>>>>>>>>>>>>>>
D:\Windows可运行环境\server_webapp\apache-tomcat-7.0.54\work\Catalina\localhost\manager\org\apache\jsp\WEB_002dINF\jsp\_403_jsp.java
E:\software\apache-tomcat-7.0.54 - hudson\work\Catalina\localhost\manager\org\apache\jsp\WEB_002dINF\jsp\_403_jsp.java
=================================================



=================================================
E:\software\apache-tomcat-7.0.54\work\Catalina\localhost\_\org\apache\jsp\index_jsp.class
>>>>>>>>>>>>>>>>>>>>>>>>>>>>>>>>>>>>>>>>>>>>>>>>>
D:\Windows可运行环境\server_webapp\apache-tomcat-7.0.54\work\Catalina\localhost\_\org\apache\jsp\index_jsp.class
E:\software\apache-tomcat-7.0.54 - hudson\work\Catalina\localhost\_\org\apache\jsp\index_jsp.class
=================================================



=================================================
E:\software\apache-tomcat-7.0.54\work\Catalina\localhost\_\org\apache\jsp\index_jsp.java
>>>>>>>>>>>>>>>>>>>>>>>>>>>>>>>>>>>>>>>>>>>>>>>>>
D:\Windows可运行环境\server_webapp\apache-tomcat-7.0.54\work\Catalina\localhost\_\org\apache\jsp\index_jsp.java
E:\software\apache-tomcat-7.0.54 - hudson\work\Catalina\localhost\_\org\apache\jsp\index_jsp.java
=================================================



